<?xml version="1.0" encoding="UTF-8" ?>
<testsuite tests="7" failures="0" name="SqllabQueryGenerator.Tez.ReadWriteHDFSTest" time="1.081" errors="0" skipped="0">
  <properties>
    <property name="java.runtime.name" value="Java(TM) SE Runtime Environment"/>
    <property name="sun.boot.library.path" value="C:\Program Files\Java\jdk1.8.0_20\jre\bin"/>
    <property name="java.vm.version" value="25.20-b23"/>
    <property name="java.vm.vendor" value="Oracle Corporation"/>
    <property name="maven.multiModuleProjectDirectory" value="F:\destinyProject\TezProject\Tez"/>
    <property name="java.vendor.url" value="http://java.oracle.com/"/>
    <property name="path.separator" value=";"/>
    <property name="guice.disable.misplaced.annotation.check" value="true"/>
    <property name="java.vm.name" value="Java HotSpot(TM) 64-Bit Server VM"/>
    <property name="file.encoding.pkg" value="sun.io"/>
    <property name="user.script" value=""/>
    <property name="user.country" value="US"/>
    <property name="sun.java.launcher" value="SUN_STANDARD"/>
    <property name="sun.os.patch.level" value="Service Pack 1"/>
    <property name="java.vm.specification.name" value="Java Virtual Machine Specification"/>
    <property name="user.dir" value="F:\destinyProject\TezProject\Tez"/>
    <property name="java.runtime.version" value="1.8.0_20-b26"/>
    <property name="java.awt.graphicsenv" value="sun.awt.Win32GraphicsEnvironment"/>
    <property name="java.endorsed.dirs" value="C:\Program Files\Java\jdk1.8.0_20\jre\lib\endorsed"/>
    <property name="os.arch" value="amd64"/>
    <property name="java.io.tmpdir" value="C:\Users\ZC255005\AppData\Local\Temp\"/>
    <property name="line.separator" value="
"/>
    <property name="java.vm.specification.vendor" value="Oracle Corporation"/>
    <property name="user.variant" value=""/>
    <property name="os.name" value="Windows 7"/>
    <property name="classworlds.conf" value="C:\Users\ZC255005\.metadata\.plugins\org.eclipse.m2e.launching\launches\m2conf7732315478593646487.tmp"/>
    <property name="sun.jnu.encoding" value="Cp1252"/>
    <property name="java.library.path" value="C:\Program Files\Java\jdk1.8.0_20\bin;C:\windows\Sun\Java\bin;C:\windows\system32;C:\windows;C:/Program Files/Java/jdk1.8.0_20/bin/../jre/bin/server;C:/Program Files/Java/jdk1.8.0_20/bin/../jre/bin;C:/Program Files/Java/jdk1.8.0_20/bin/../jre/lib/amd64;C:\Program Files\Teradata\Client\14.10\AXSMOD\;C:\Program Files\Java\jdk1.8.0_20\bin;C:\Program Files\Java\jdk1.8.0_20\jre\bin;C:\Program Files\Java\jdk1.8.0_20\bin;C:\Program Files\Java\jdk1.8.0_20\jre\bin;C:\Program Files\Java\jdk1.8.0_20\bin;C:\Program Files\Java\jdk1.8.0_20\jre\bin;C:\windows\System32;F:\destinyProject\Hadoop\hadoop-2.6.0\bin;F:\Python2.6.5;F:\destinyProject\Hadoop\hadoop-2.6.0\bin;F:\Python2.6.5;F:\destinyProject\Hadoop\hadoop-2.6.0\bin;F:\Python2.6.5;F:\destinyProject\Hadoop\apache-maven-3.3.3\bin;;E:\eclipse;;."/>
    <property name="java.specification.name" value="Java Platform API Specification"/>
    <property name="java.class.version" value="52.0"/>
    <property name="sun.management.compiler" value="HotSpot 64-Bit Tiered Compilers"/>
    <property name="os.version" value="6.1"/>
    <property name="user.home" value="C:\Users\ZC255005"/>
    <property name="user.timezone" value="Asia/Shanghai"/>
    <property name="java.awt.printerjob" value="sun.awt.windows.WPrinterJob"/>
    <property name="java.specification.version" value="1.8"/>
    <property name="file.encoding" value="Cp1252"/>
    <property name="user.name" value="zc255005"/>
    <property name="java.class.path" value="F:\destinyProject\Hadoop\apache-maven-3.3.3\boot\plexus-classworlds-2.5.2.jar"/>
    <property name="java.vm.specification.version" value="1.8"/>
    <property name="sun.arch.data.model" value="64"/>
    <property name="java.home" value="C:\Program Files\Java\jdk1.8.0_20\jre"/>
    <property name="sun.java.command" value="org.codehaus.plexus.classworlds.launcher.Launcher -B install"/>
    <property name="java.specification.vendor" value="Oracle Corporation"/>
    <property name="user.language" value="en"/>
    <property name="awt.toolkit" value="sun.awt.windows.WToolkit"/>
    <property name="java.vm.info" value="mixed mode"/>
    <property name="java.version" value="1.8.0_20"/>
    <property name="java.ext.dirs" value="C:\Program Files\Java\jdk1.8.0_20\jre\lib\ext;C:\windows\Sun\Java\lib\ext"/>
    <property name="sun.boot.class.path" value="C:\Program Files\Java\jdk1.8.0_20\jre\lib\resources.jar;C:\Program Files\Java\jdk1.8.0_20\jre\lib\rt.jar;C:\Program Files\Java\jdk1.8.0_20\jre\lib\sunrsasign.jar;C:\Program Files\Java\jdk1.8.0_20\jre\lib\jsse.jar;C:\Program Files\Java\jdk1.8.0_20\jre\lib\jce.jar;C:\Program Files\Java\jdk1.8.0_20\jre\lib\charsets.jar;C:\Program Files\Java\jdk1.8.0_20\jre\lib\jfr.jar;C:\Program Files\Java\jdk1.8.0_20\jre\classes"/>
    <property name="java.vendor" value="Oracle Corporation"/>
    <property name="maven.home" value="F:\destinyProject\Hadoop\apache-maven-3.3.3"/>
    <property name="file.separator" value="\"/>
    <property name="java.vendor.url.bug" value="http://bugreport.sun.com/bugreport/"/>
    <property name="sun.cpu.endian" value="little"/>
    <property name="sun.io.unicode.encoding" value="UnicodeLittle"/>
    <property name="sun.desktop" value="windows"/>
    <property name="sun.cpu.isalist" value="amd64"/>
  </properties>
  <testcase classname="SqllabQueryGenerator.Tez.ReadWriteHDFSTest" name="testGenerateValue1" time="0.399"/>
  <testcase classname="SqllabQueryGenerator.Tez.ReadWriteHDFSTest" name="testGenerateValue2" time="0"/>
  <testcase classname="SqllabQueryGenerator.Tez.ReadWriteHDFSTest" name="testGenerateValue3" time="0.682"/>
  <testcase classname="SqllabQueryGenerator.Tez.ReadWriteHDFSTest" name="testGenerateValue4" time="0"/>
  <testcase classname="SqllabQueryGenerator.Tez.ReadWriteHDFSTest" name="testGenerateLogFormat1" time="0"/>
  <testcase classname="SqllabQueryGenerator.Tez.ReadWriteHDFSTest" name="testGenerateLogFormat2" time="0"/>
  <testcase classname="SqllabQueryGenerator.Tez.ReadWriteHDFSTest" name="testGenerateLogFormat3" time="0"/>
</testsuite>